Sample	Total Reads	NoDup Reads	
output/WW_210304_KW1_S49	17143417	14805940 (0.8636516279105851%)	
output/WW_210304_KW2_S50	11569987	9252195 (0.7996720307464477%)	
output/WW_210304_KW3_S51	16128947	13420676 (0.8320863104082368%)	
output/WW_210304_KW6_S52	20315229	17733690 (0.872925921730934%)	
output/WW_210325_KW2_22-24_S53	11796836	8257745 (0.6999965923066152%)	
output/WW_210325_KW2_morning_S54	22830262	20239500 (0.8865207065954828%)	
output/WW_210408_20-22h_S55	14613468	12496718 (0.8551507417677994%)	
output/WW_210408_22-24h_S56	17530309	15487567 (0.8834737026027322%)	
output/WW_210415_20-22h_S57	10733272	8855050 (0.8250093727243659%)	
output/WW_210415_22-24h_S58	14166362	12662210 (0.8938222812603547%)	
output/WW_210422_20-22h_S59	14281884	12731248 (0.8914263692381201%)	
output/WW_210422_22-24h_S60	15569031	13771439 (0.8845405343466783%)	
output/WW_210427_12-14h_S61	12016245	10638475 (0.885341052882993%)	
output/WW_210427_16-18h_S62	13740331	12135190 (0.8831803251319055%)	
output/WW_210427_20-22h_S63	15958495	13807978 (0.8652431197302753%)	
output/WW_210427_22-24h_S64	14246356	12730930 (0.8936271141897619%)	
output/WW_210507_20-22h_S65	11172939	9362058 (0.837922591361145%)	
output/WW_210507_22-24h_S66	12771411	10935259 (0.8562295113672248%)	
output/WW_210519_20-22h_S67	18945392	16615441 (0.8770175354513646%)	
output/WW_210519_22-24h_S68	22060191	19506436 (0.8842369497163465%)	
output/WW_210527_20-22h_S69	17686542	15279446 (0.8639023953919314%)	
output/WW_210527_22-24h_S70	13504909	11985407 (0.8874852100077091%)	
output/WW_210604_20-22h_S71	15791769	13800696 (0.8739170386800871%)	
output/WW_210604_22-24h_S72	12198978	10411279 (0.8534550189368323%)	
output/WW_210610_20-22h_S73	12379441	10822460 (0.8742284889923544%)	
output/WW_210610_22-24h_S74	17837260	15830707 (0.8875077786610723%)	
output/WW_210622_20-22h_S81	5750276	3762194 (0.6542632040618572%)	
output/WW_210622_22-24h_S82	7793532	5581410 (0.7161592458977522%)	
output/WW_210722_20-22h_S83	13386664	9450621 (0.705972824894985%)	
output/WW_210722_22-24h_S84	8926437	5814426 (0.6513714262476731%)	
output/WW_210804_20-22h_S85	9588754	8414916 (0.8775818005133931%)	
output/WW_210804_22-24h_S86	11866853	9407109 (0.7927214569861109%)	
output/WW_210819_20-22h_S87	7673291	6051021 (0.7885822393546654%)	
output/WW_210819_22-24h_S88	9118209	7418492 (0.8135909146193073%)	
output/WW_210901_20-22h_S89	11106647	9505267 (0.8558178719464119%)	
output/WW_210901_22-24h_S90	10955503	9512782 (0.868310838854227%)	
output/WW_210916_20-22hmix_S1	10419104	6840969 (0.6565793949268575%)	
output/WW_210916_22-24hmix_S2	17397327	12098198 (0.6954055643145639%)	
output/WW_210929_20-22hmix_S3	9272109	6432620 (0.693760179048801%)	
output/WW_210929_22-24hmix_S4	10845337	7496249 (0.6911955801834466%)	
output/WW_211013_20-22hmix_S5	8731224	5939184 (0.680223528797337%)	
output/WW_211028_20-22hmix_S6	8194516	5699245 (0.6954950115418653%)	
output/WW_211028_22-24hmix_S7	11833994	8052131 (0.6804237859170792%)	
output/WW_211117_20-22hmix_S8	10664031	7326096 (0.6869912512444872%)	
output/WW_211117_22-24hmix_S9	10038933	6841502 (0.681496928010178%)	
output/WW_211124_20-22hmix_S10	14699250	9981788 (0.6790678435974624%)	
output/WW_211124_22-24hmix_S11	10276018	7179663 (0.6986814347736643%)	
output/WW_211208_20-22hmix_S12	11581402	7906638 (0.6827012826253678%)	
output/WW_211208_22-24hmix_S13	14332330	9729471 (0.6788478216730985%)	
output/WW_211223_20-22hmix_S14	14016855	9648077 (0.6883196694265582%)	
output/WW_211223_22-24hmix_S15	14880955	10306305 (0.6925835741052909%)	
output/WW_220105_20-22hmix_S16	12880788	8905266 (0.6913603422399313%)	
output/WW_220105_22-24hmix_S17	10349845	6739162 (0.651136514604808%)	
output/WW_220113_20-22hmix_S18	10439735	7168059 (0.686613118053284%)	
output/WW_220113_22-24hmix_S19	18940069	12733123 (0.6722849320137112%)	
output/WW_220119_20-22hmix_S20	16634889	11271640 (0.6775903343869623%)	
output/WW_220119_22-24hmix_S21	18592825	12113893 (0.6515359016179628%)	
output/WW_220204_20-22hmix_S22	15906690	7940732 (0.4992070631916508%)	
output/WW_220204_22-24hmix_S23	6265867	2491452 (0.39762286687540604%)	
output/WW_220404_20-22hmix_S24	9612985	3608929 (0.3754223063907829%)	
output/WW_220404_20-22hmix_befo_captu_S26	10434520	7057678 (0.6763778305087345%)	
output/WW_220404_20-22hmix_captu_elu_S28	17351841	11830446 (0.6817977412310313%)	
output/WW_220404_20-22hmix_captu_elu_conc_S29	13909455	9500089 (0.6829950562405213%)	
output/WW_220404_20-22hmix_captu_ft_S27	19332508	12764313 (0.6602512721060299%)	
output/WW_220404_22-24hmix_S25	12197067	7483870 (0.613579477754775%)	
output/WW_220413_20-22hmix_S30	12171879	8357226 (0.6866011402183673%)	
output/WW_220413_22-24hmix_S31	18011382	12252253 (0.6802505771072981%)	
output/WW_220421_20-22hmix_S32	11992695	8018318 (0.6686001770244303%)	
output/WW_220421_20-22hmix_cer_trizol_S34	13726904	9450368 (0.6884558965371944%)	
output/WW_220421_22-24hmix_S33	11319066	7275798 (0.642791375189437%)	
output/WW_220421_22-24hmix_cer_trizol_S35	16509211	10352797 (0.6270921729693806%)	
output/WW_220427_20-22hmix_S36	9537565	6838449 (0.7170015617193697%)	
output/WW_220427_22-24hmix_S37	8929908	6005513 (0.6725167829276628%)	
output/WW_220511_20-22hmix_PCRinh_rem_S40	7977132	5288447 (0.6629509202054071%)	
output/WW_220511_20-22hmix_S38	7777439	5405703 (0.6950492315015264%)	
output/WW_220511_20-22hmix_cer_BIOM_S42	8941291	6352452 (0.7104625047993629%)	
output/WW_220511_22-24hmix_PCRinh_rem_S41	7565913	5146665 (0.6802437458638502%)	
output/WW_220511_22-24hmix_S39	10861458	7537334 (0.693952322054737%)	
output/WW_220511_22-24hmix_cer_BIOM_S43	5673791	3943090 (0.6949656763881503%)	
output/WW_220527_20-22hmix_PCRinh_rem_S50	11739388	7897617 (0.6727452061385142%)	
output/WW_220527_20-22hmix_S46	10898903	7694862 (0.7060216977800426%)	
output/WW_220527_20-22hmix_centri_BIOM_S44	10914158	7711661 (0.7065740664556991%)	
output/WW_220527_20-22hmix_cer_trizol_PCRinh_rem_S52	9442102	6260508 (0.663041767606408%)	
output/WW_220527_20-22hmix_cer_trizol_S48	8895714	6255497 (0.7032034752915842%)	
output/WW_220527_22-24hmix_PCRinh_rem_S51	9676832	6515073 (0.6732650727014792%)	
output/WW_220527_22-24hmix_S47	9400061	2747800 (0.2923172519837903%)	
output/WW_220527_22-24hmix_centri_BIOM_S45	13041228	9086266 (0.6967339272037879%)	
output/WW_220527_22-24hmix_cer_trizol_PCRinh_rem_S53	5106047	3626390 (0.7102147708393597%)	
output/WW_220527_22-24hmix_cer_trizol_S49	11740628	8244003 (0.7021773451982296%)	
output/WW_220602_20-22hmix_S54	12975795	8949802 (0.689730532888351%)	
output/WW_220602_20-22hmix_centri_BIOMcombi_S60	18001730	9820627 (0.5455379566297239%)	
output/WW_220602_20-22hmix_cer_BIOM_S56	12436829	8804432 (0.7079322229163076%)	
output/WW_220602_20-22hmix_cer_BIOMcombi_S58	7615889	4997438 (0.6561857716151063%)	
output/WW_220602_22-24hmix_S55	16798876	12925028 (0.7693983811774073%)	
output/WW_220602_22-24hmix_cer_BIOM_S57	11320586	7708257 (0.6809061827718106%)	
output/WW_220602_22-24hmix_cer_BIOMcombi_S59	14073088	9483868 (0.6739009945791571%)	
output/WW_220607_20-22hmix_S61	11863951	8129533 (0.6852298193072442%)	
output/WW_220607_20-22hmix_cer_BIOMcombi_S63	11647113	7981057 (0.6852390802768034%)	
output/WW_220607_22-24hmix_S62	10543300	7251358 (0.6877692942437378%)	
output/WW_220607_22-24hmix_cer_BIOMcombi_S64	27610462	14136347 (0.5119924107028705%)	
output/WW_220616_20-22hmix_S65	11627981	7987628 (0.6869316349932116%)	
output/WW_220616_22-24hmix_S66	9009242	6409831 (0.7114728408893889%)	
output/WW_220623_24hmix_1_S67	10784793	7408154 (0.6869073889503489%)	
output/WW_220623_24hmix_2_S68	10653467	7474425 (0.7015955463137024%)	
output/WW_220629_20-22hmix_S69	8485497	6003440 (0.7074942104157246%)	
output/WW_220629_20-22hmix_cer_BIOMcombi_S71	10997800	7462452 (0.6785404353597992%)	
output/WW_220629_22-24hmix_S70	19887335	11531352 (0.5798339495965649%)	
output/WW_220629_22-24hmix_cer_BIOMcombi_S72	10757277	7440629 (0.6916833135374314%)	
output/WW_220707_20-22hmix_S73	5106021	3593423 (0.703761892087792%)	
output/WW_220707_20-22hmix_cer_BIOMcombi_S75	9889628	6833517 (0.6909781641938403%)	
output/WW_220707_22-24hmix_S74	8386003	5802733 (0.6919545580892351%)	
output/WW_220707_22-24hmix_cer_BIOMcombi_S76	11178291	7508075 (0.6716657313716381%)	
output/WW_220719_20-22hmix_S1	16828111	10426898 (0.6196119100949595%)	
output/WW_220719_20-22hmix_cer_BIOMcombi_S3	14197174	9658355 (0.680301234597815%)	
output/WW_220719_22-24hmix_S2	14972672	9532791 (0.6366793448757844%)	
output/WW_220719_22-24hmix_cer_BIOMcombi_S4	12312700	8059033 (0.6545301193077067%)	
